<?xml version="1.0" encoding="UTF-8"?>
<testsuites name="Login Suite" time="56.71" tests="1" failures="0" errors="0">
   <testsuite name="Login Suite" tests="1" failures="0" errors="0" time="56.71" skipped="0" timestamp="17-04-2024T12:40:30" hostname="hanssteps - 10.211.55.4" id="Test Suites/Login Suite">
      <properties>
         <property name="deviceName" value=""/>
         <property name="devicePlatform" value=""/>
         <property name="logFolder" value="C:\\Users\\hanssteps\\git\\KatalonCICD-tutorial\\Reports\\20240417_124015\\Login Suite\\20240417_124015"/>
         <property name="logFiles" value="C:\\Users\\hanssteps\\git\\KatalonCICD-tutorial\\Reports\\20240417_124015\\Login Suite\\20240417_124015\\execution0.log"/>
         <property name="attachments" value="C:\\Users\\hanssteps\\git\\KatalonCICD-tutorial\\Reports\\20240417_124015\\Login Suite\\20240417_124015\\1713350474191.png"/>
         <property name="hostName" value="hanssteps - 10.211.55.4"/>
         <property name="os" value="Windows 11 64bit"/>
         <property name="katalonVersion" value="9.4.0.212"/>
         <property name="browser" value="Chrome 123.0.0.0"/>
         <property name="hostAddress" value="10.211.55.4"/>
         <property name="sessionId" value="b57ef6066b289d047f912bdef4d96a7d"/>
         <property name="seleniumVersion" value="3.141.59"/>
         <property name="proxyInformation" value="ProxyInformation { proxyOption=NO_PROXY, proxyServerType=HTTP, username=, password=********, proxyServerAddress=, proxyServerPort=0, executionList=&quot;&quot;, isApplyToDesiredCapabilities=true }"/>
         <property name="platform" value="Windows 11"/>
      </properties>
      <testcase name="Test Cases/Login" time="56.042" classname="Test Cases/Login" status="PASSED">
         <system-out><![CDATA[17-04-2024T12:40:31 - [TEST_CASE][PASSED] - Test Cases/Login: Test Cases/Login

17-04-2024T12:40:32 - [TEST_STEP][PASSED] - openBrowser(""): Browser is opened with url: ''

17-04-2024T12:40:33 - [MESSAGE][INFO] - Starting 'Chrome' driver

17-04-2024T12:40:33 - [MESSAGE][INFO] - Action delay is set to 0 milliseconds

17-04-2024T12:40:38 - [MESSAGE][PASSED] - Browser is opened with url: ''

17-04-2024T12:40:38 - [TEST_STEP][PASSED] - navigateToUrl("https://magento.softwaretestingboard.com/"): Navigate to 'https://magento.softwaretestingboard.com/' successfully

17-04-2024T12:40:41 - [MESSAGE][PASSED] - Navigate to 'https://magento.softwaretestingboard.com/' successfully

17-04-2024T12:40:41 - [TEST_STEP][PASSED] - click(findTestObject("Object Repository/Login/Page_Home Page/p_Toestemming"), OPTIONAL): Unable to click on object 'Object Repository/Login/Page_Home Page/p_Toestemming' (Root cause: com.kms.katalon.core.exception.StepFailedException: Unable to click on object 'Object Repository/Login/Page_Home Page/p_Toestemming'
	at com.kms.katalon.core.webui.keyword.internal.WebUIKeywordMain.stepFailed(WebUIKeywordMain.groovy:64)
	at com.kms.katalon.core.webui.keyword.internal.WebUIKeywordMain.runKeyword(WebUIKeywordMain.groovy:26)
	at com.kms.katalon.core.webui.keyword.builtin.ClickKeyword.click(ClickKeyword.groovy:74)
	at com.kms.katalon.core.webui.keyword.builtin.ClickKeyword.execute(ClickKeyword.groovy:40)
	at com.kms.katalon.core.keyword.internal.KeywordExecutor.executeKeywordForPlatform(KeywordExecutor.groovy:74)
	at com.kms.katalon.core.webui.keyword.WebUiBuiltInKeywords.click(WebUiBuiltInKeywords.groovy:647)
	at Login.run(Login:24)
	at com.kms.katalon.core.main.ScriptEngine.run(ScriptEngine.java:194)
	at com.kms.katalon.core.main.ScriptEngine.runScriptAsRawText(ScriptEngine.java:119)
	at com.kms.katalon.core.main.TestCaseExecutor.runScript(TestCaseExecutor.java:448)
	at com.kms.katalon.core.main.TestCaseExecutor.doExecute(TestCaseExecutor.java:439)
	at com.kms.katalon.core.main.TestCaseExecutor.processExecutionPhase(TestCaseExecutor.java:418)
	at com.kms.katalon.core.main.TestCaseExecutor.accessMainPhase(TestCaseExecutor.java:410)
	at com.kms.katalon.core.main.TestCaseExecutor.execute(TestCaseExecutor.java:285)
	at com.kms.katalon.core.common.CommonExecutor.accessTestCaseMainPhase(CommonExecutor.java:65)
	at com.kms.katalon.core.main.TestSuiteExecutor.accessTestSuiteMainPhase(TestSuiteExecutor.java:150)
	at com.kms.katalon.core.main.TestSuiteExecutor.execute(TestSuiteExecutor.java:106)
	at com.kms.katalon.core.main.TestCaseMain.startTestSuite(TestCaseMain.java:180)
	at TempTestSuite1713350415268.run(TempTestSuite1713350415268.groovy:35)
	at java.base/jdk.internal.reflect.NativeMethodAccessorImpl.invoke0(Native Method)
	at java.base/jdk.internal.reflect.NativeMethodAccessorImpl.invoke(NativeMethodAccessorImpl.java:77)
	at java.base/jdk.internal.reflect.DelegatingMethodAccessorImpl.invoke(DelegatingMethodAccessorImpl.java:43)
Caused by: com.kms.katalon.core.webui.exception.WebElementNotFoundException: Web element with id: 'Object Repository/Login/Page_Home Page/p_Toestemming' located by '(.//*[normalize-space(text()) and normalize-space(.)='Moet ik voor alles toestemming geven?'])[1]/following::p[3]' not found
	at com.kms.katalon.core.webui.common.WebUiCommonHelper.findWebElement(WebUiCommonHelper.java:1426)
	at com.kms.katalon.core.webui.keyword.internal.WebUIAbstractKeyword.findWebElement(WebUIAbstractKeyword.groovy:27)
	at com.kms.katalon.core.webui.keyword.builtin.ClickKeyword$_click_closure1.doCall(ClickKeyword.groovy:65)
	at com.kms.katalon.core.webui.keyword.builtin.ClickKeyword$_click_closure1.call(ClickKeyword.groovy)
	at com.kms.katalon.core.webui.keyword.internal.WebUIKeywordMain.runKeyword(WebUIKeywordMain.groovy:20)
	at com.kms.katalon.core.webui.keyword.builtin.ClickKeyword.click(ClickKeyword.groovy:74)
	at com.kms.katalon.core.webui.keyword.builtin.ClickKeyword.execute(ClickKeyword.groovy:40)
	at com.kms.katalon.core.keyword.internal.KeywordExecutor.executeKeywordForPlatform(KeywordExecutor.groovy:74)
	at com.kms.katalon.core.webui.keyword.WebUiBuiltInKeywords.click(WebUiBuiltInKeywords.groovy:647)
	at Script1713270181185.run(Script1713270181185.groovy:24)
	... 15 more
)

17-04-2024T12:41:14 - [MESSAGE][INFO] - Unable to find the element located by 'By.xpath: (.//*[normalize-space(text()) and normalize-space(.)='Moet ik voor alles toestemming geven?'])[1]/following::p[3]'. Please recheck the objects properties to make sure the desired element is located. 

17-04-2024T12:41:16 - [MESSAGE][WARNING] - Unable to click on object 'Object Repository/Login/Page_Home Page/p_Toestemming' (Root cause: com.kms.katalon.core.exception.StepFailedException: Unable to click on object 'Object Repository/Login/Page_Home Page/p_Toestemming'
	at com.kms.katalon.core.webui.keyword.internal.WebUIKeywordMain.stepFailed(WebUIKeywordMain.groovy:64)
	at com.kms.katalon.core.webui.keyword.internal.WebUIKeywordMain.runKeyword(WebUIKeywordMain.groovy:26)
	at com.kms.katalon.core.webui.keyword.builtin.ClickKeyword.click(ClickKeyword.groovy:74)
	at com.kms.katalon.core.webui.keyword.builtin.ClickKeyword.execute(ClickKeyword.groovy:40)
	at com.kms.katalon.core.keyword.internal.KeywordExecutor.executeKeywordForPlatform(KeywordExecutor.groovy:74)
	at com.kms.katalon.core.webui.keyword.WebUiBuiltInKeywords.click(WebUiBuiltInKeywords.groovy:647)
	at Login.run(Login:24)
	at com.kms.katalon.core.main.ScriptEngine.run(ScriptEngine.java:194)
	at com.kms.katalon.core.main.ScriptEngine.runScriptAsRawText(ScriptEngine.java:119)
	at com.kms.katalon.core.main.TestCaseExecutor.runScript(TestCaseExecutor.java:448)
	at com.kms.katalon.core.main.TestCaseExecutor.doExecute(TestCaseExecutor.java:439)
	at com.kms.katalon.core.main.TestCaseExecutor.processExecutionPhase(TestCaseExecutor.java:418)
	at com.kms.katalon.core.main.TestCaseExecutor.accessMainPhase(TestCaseExecutor.java:410)
	at com.kms.katalon.core.main.TestCaseExecutor.execute(TestCaseExecutor.java:285)
	at com.kms.katalon.core.common.CommonExecutor.accessTestCaseMainPhase(CommonExecutor.java:65)
	at com.kms.katalon.core.main.TestSuiteExecutor.accessTestSuiteMainPhase(TestSuiteExecutor.java:150)
	at com.kms.katalon.core.main.TestSuiteExecutor.execute(TestSuiteExecutor.java:106)
	at com.kms.katalon.core.main.TestCaseMain.startTestSuite(TestCaseMain.java:180)
	at TempTestSuite1713350415268.run(TempTestSuite1713350415268.groovy:35)
	at java.base/jdk.internal.reflect.NativeMethodAccessorImpl.invoke0(Native Method)
	at java.base/jdk.internal.reflect.NativeMethodAccessorImpl.invoke(NativeMethodAccessorImpl.java:77)
	at java.base/jdk.internal.reflect.DelegatingMethodAccessorImpl.invoke(DelegatingMethodAccessorImpl.java:43)
Caused by: com.kms.katalon.core.webui.exception.WebElementNotFoundException: Web element with id: 'Object Repository/Login/Page_Home Page/p_Toestemming' located by '(.//*[normalize-space(text()) and normalize-space(.)='Moet ik voor alles toestemming geven?'])[1]/following::p[3]' not found
	at com.kms.katalon.core.webui.common.WebUiCommonHelper.findWebElement(WebUiCommonHelper.java:1426)
	at com.kms.katalon.core.webui.keyword.internal.WebUIAbstractKeyword.findWebElement(WebUIAbstractKeyword.groovy:27)
	at com.kms.katalon.core.webui.keyword.builtin.ClickKeyword$_click_closure1.doCall(ClickKeyword.groovy:65)
	at com.kms.katalon.core.webui.keyword.builtin.ClickKeyword$_click_closure1.call(ClickKeyword.groovy)
	at com.kms.katalon.core.webui.keyword.internal.WebUIKeywordMain.runKeyword(WebUIKeywordMain.groovy:20)
	at com.kms.katalon.core.webui.keyword.builtin.ClickKeyword.click(ClickKeyword.groovy:74)
	at com.kms.katalon.core.webui.keyword.builtin.ClickKeyword.execute(ClickKeyword.groovy:40)
	at com.kms.katalon.core.keyword.internal.KeywordExecutor.executeKeywordForPlatform(KeywordExecutor.groovy:74)
	at com.kms.katalon.core.webui.keyword.WebUiBuiltInKeywords.click(WebUiBuiltInKeywords.groovy:647)
	at Script1713270181185.run(Script1713270181185.groovy:24)
	... 15 more
)
[[ATTACHMENT|C:\\Users\\hanssteps\\git\\KatalonCICD-tutorial\\Reports\\20240417_124015\\Login Suite\\20240417_124015\\1713350474191.png]]

17-04-2024T12:41:16 - [TEST_STEP][PASSED] - click(findTestObject("Login/Page_Home Page/p_Consent"), OPTIONAL): Object: 'Object Repository/Login/Page_Home Page/p_Consent' is clicked on

17-04-2024T12:41:17 - [MESSAGE][PASSED] - Object: 'Object Repository/Login/Page_Home Page/p_Consent' is clicked on

17-04-2024T12:41:17 - [TEST_STEP][PASSED] - click(findTestObject("Object Repository/Login/Page_Home Page/a_Sign In")): Object: 'Object Repository/Login/Page_Home Page/a_Sign In' is clicked on

17-04-2024T12:41:20 - [MESSAGE][PASSED] - Object: 'Object Repository/Login/Page_Home Page/a_Sign In' is clicked on

17-04-2024T12:41:20 - [TEST_STEP][PASSED] - setText(findTestObject("Object Repository/Login/Page_Customer Login/input_Email_loginusername"), "vliegnaarhans@hotmail.com"): Text 'vliegnaarhans@hotmail.com' is set on object 'Object Repository/Login/Page_Customer Login/input_Email_loginusername'

17-04-2024T12:41:23 - [MESSAGE][PASSED] - Text 'vliegnaarhans@hotmail.com' is set on object 'Object Repository/Login/Page_Customer Login/input_Email_loginusername'

17-04-2024T12:41:23 - [TEST_STEP][PASSED] - setEncryptedText(findTestObject("Object Repository/Login/Page_Customer Login/input_Password_loginpassword"), "nD40eSJ02ggIAkzrLbYCRQ=="): Text ****** has been set on object 'Object Repository/Login/Page_Customer Login/input_Password_loginpassword'

17-04-2024T12:41:23 - [MESSAGE][PASSED] - Text ****** has been set on object 'Object Repository/Login/Page_Customer Login/input_Password_loginpassword'

17-04-2024T12:41:23 - [TEST_STEP][PASSED] - click(findTestObject("Object Repository/Login/Page_Customer Login/span_Sign In")): Object: 'Object Repository/Login/Page_Customer Login/span_Sign In' is clicked on

17-04-2024T12:41:26 - [MESSAGE][PASSED] - Object: 'Object Repository/Login/Page_Customer Login/span_Sign In' is clicked on

17-04-2024T12:41:26 - [TEST_STEP][PASSED] - closeBrowser(): Browser is closed

17-04-2024T12:41:27 - [MESSAGE][PASSED] - Browser is closed]]></system-out>
         <system-err><![CDATA[]]></system-err>
      </testcase>
      <system-out><![CDATA[17-04-2024T12:40:30 - [TEST_SUITE][PASSED] - Login Suite: Test Cases/Login]]></system-out>
      <system-err><![CDATA[]]></system-err>
   </testsuite>
</testsuites>
